Sending build context to Docker daemon    596kB
Step 1/9 : FROM		alpine:latest
 ---> e50c909a8df2
Step 2/9 : RUN			apk update
 ---> Using cache
 ---> cdfc6d882b16
Step 3/9 : RUN			apk add wget
 ---> Using cache
 ---> 9dd5eecd4c8a
Step 4/9 : RUN			apk add libc6-compat
 ---> Using cache
 ---> fdb74b3c2a52
Step 5/9 : RUN			wget https://dl.grafana.com/oss/release/grafana-7.4.1.linux-amd64.tar.gz ;			tar zxvf grafana-7.4.1.linux-amd64.tar.gz; 			rm grafana-7.4.1.linux-amd64.tar.gz; 			mv grafana-7.4.1 /root/grafana
 ---> Using cache
 ---> 034696fe4b96
Step 6/9 : COPY		srcs /root
 ---> Using cache
 ---> 06aff2f25d57
Step 7/9 : WORKDIR		/root/
 ---> Using cache
 ---> b34a5024bae8
Step 8/9 : EXPOSE		3000
 ---> Using cache
 ---> bd84735f0fe2
Step 9/9 : ENTRYPOINT	["sh", "grafana_setup.sh"]
 ---> Using cache
 ---> 98f11b787c2b
Successfully built 98f11b787c2b
Successfully tagged grafana:latest
