Sending build context to Docker daemon   5.12kB
Step 1/6 : FROM		alpine:latest
 ---> e50c909a8df2
Step 2/6 : RUN			apk update
 ---> Using cache
 ---> 948e20f60fdb
Step 3/6 : RUN			apk add influxdb
 ---> Using cache
 ---> c065decd61fc
Step 4/6 : COPY		srcs /root
 ---> 07df8fa54ec4
Step 5/6 : WORKDIR		/root/
 ---> Running in d28888844396
Removing intermediate container d28888844396
 ---> ddf101f09236
Step 6/6 : ENTRYPOINT	["sh", "influxdb_setup.sh"]
 ---> Running in d496feb74c69
Removing intermediate container d496feb74c69
 ---> fd053ad95cfb
Successfully built fd053ad95cfb
Successfully tagged influxdb:latest
