Sending build context to Docker daemon  6.656kB
Step 1/6 : FROM		alpine:latest
 ---> 7731472c3f2a
Step 2/6 : RUN			apk update
 ---> Using cache
 ---> 464df122c6d1
Step 3/6 : RUN			apk add mariadb mariadb-client
 ---> Running in 8d523b4fb8a8
fetch https://dl-cdn.alpinelinux.org/alpine/v3.13/main/x86_64/APKINDEX.tar.gz
fetch https://dl-cdn.alpinelinux.org/alpine/v3.13/community/x86_64/APKINDEX.tar.gz
(1/16) Installing mariadb-common (10.5.8-r0)
(2/16) Installing libaio (0.3.112-r1)
(3/16) Installing ca-certificates (20191127-r5)
(4/16) Installing brotli-libs (1.0.9-r3)
(5/16) Installing nghttp2-libs (1.42.0-r1)
(6/16) Installing libcurl (7.74.0-r0)
(7/16) Installing libgcc (10.2.1_pre1-r3)
(8/16) Installing xz-libs (5.2.5-r0)
(9/16) Installing ncurses-terminfo-base (6.2_p20210109-r0)
(10/16) Installing ncurses-libs (6.2_p20210109-r0)
(11/16) Installing linux-pam (1.5.1-r0)
(12/16) Installing pcre2 (10.36-r0)
(13/16) Installing libstdc++ (10.2.1_pre1-r3)
(14/16) Installing libxml2 (2.9.10-r6)
(15/16) Installing mariadb (10.5.8-r0)
Executing mariadb-10.5.8-r0.pre-install
(16/16) Installing mariadb-client (10.5.8-r0)
Executing busybox-1.32.1-r0.trigger
Executing ca-certificates-20191127-r5.trigger
OK: 178 MiB in 30 packages
