Sending build context to Docker daemon  4.832MB
Step 1/8 : FROM		alpine:latest
 ---> 28f6e2705743
Step 2/8 : RUN			apk update
 ---> Using cache
 ---> d84628e815f1
Step 3/8 : RUN			apk add nginx
 ---> Using cache
 ---> 2b98a845396d
Step 4/8 : RUN			apk add openssl
 ---> Using cache
 ---> 5bc70b003f42
Step 5/8 : COPY		srcs /root
 ---> Using cache
 ---> 22857a9935d5
Step 6/8 : WORKDIR		/root/
 ---> Using cache
 ---> 6af660926e03
Step 7/8 : EXPOSE		80 443
 ---> Using cache
 ---> 5fee70fab912
Step 8/8 : ENTRYPOINT	["sh", "nginx_setup.sh"]
 ---> Using cache
 ---> 68370718e20d
Successfully built 68370718e20d
Successfully tagged nginx:latest
