Sending build context to Docker daemon  9.216kB
Step 1/8 : FROM		alpine
 ---> 28f6e2705743
Step 2/8 : RUN			apk update
 ---> Using cache
 ---> b2c83cca495f
Step 3/8 : RUN			apk add wget
 ---> Using cache
 ---> 3e7d70cf32fd
Step 4/8 : RUN			apk add libc6-compat
 ---> Using cache
 ---> 9b14bf1f886a
Step 5/8 : RUN			wget https://dl.influxdata.com/telegraf/releases/telegraf-1.14.0-static_linux_amd64.tar.gz ; 			tar xf telegraf-1.14.0-static_linux_amd64.tar.gz ; 			rm telegraf-1.14.0-static_linux_amd64.tar.gz;
 ---> Using cache
 ---> 3762e7d9ead2
Step 6/8 : COPY		srcs /root/
 ---> Using cache
 ---> c67c9239a05f
Step 7/8 : WORKDIR		/root/
 ---> Using cache
 ---> c162a48ab579
Step 8/8 : ENTRYPOINT	["sh", "telegraf_setup.sh"]
 ---> Using cache
 ---> 8362c1ee7938
Successfully built 8362c1ee7938
Successfully tagged telegraf:latest
