Sending build context to Docker daemon   5.12kB
Step 1/10 : FROM		alpine:latest
 ---> 7731472c3f2a
Step 2/10 : RUN			apk update
 ---> Using cache
 ---> 464df122c6d1
Step 3/10 : RUN			apk add nginx
 ---> Using cache
 ---> 83f4ce0991d4
Step 4/10 : RUN			apk add wget
 ---> Using cache
 ---> 035f2bc6f222
Step 5/10 : RUN			apk add php 			php-cli 			php-cgi 			php-mbstring 			php-fpm 			php-mysqli
 ---> Using cache
 ---> dcaa7d78ec2d
Step 6/10 : RUN			wget https://www.wordpress.org/latest.tar.gz 			&& tar -xf latest.tar.gz 			&& rm -rf latest.tar.gz
 ---> Running in e3ba79b1af6e
[91m--2021-01-21 14:44:00--  https://www.wordpress.org/latest.tar.gz
[0m[91mResolving www.wordpress.org (www.wordpress.org)... [0m[91m198.143.164.252
[0m[91mConnecting to www.wordpress.org (www.wordpress.org)|198.143.164.252|:443... [0m[91mconnected.
[0m[91mHTTP request sent, awaiting response... [0m[91m301 Moved Permanently
[0m[91mLocation: https://wordpress.org/latest.tar.gz [following]
[0m[91m--2021-01-21 14:44:01--  https://wordpress.org/latest.tar.gz
[0m[91mResolving wordpress.org (wordpress.org)... [0m[91m198.143.164.252[0m[91m
[0m[91mConnecting to wordpress.org (wordpress.org)|198.143.164.252|:443... [0m[91mconnected.
[0m[91mHTTP request sent, awaiting response... [0m[91m200 OK
[0m[91mLength: 15422346 (15M) [application/octet-stream]
Saving to: 'latest.tar.gz'

     0K .......... .....[0m[91m..... .......... .[0m[91m......... .......[0m[91m...  0%  306K 49s
    50K .......... ...[0m[91m....... .........[0m[91m. .......... .....[0m[91m.....  0%  693K 35s
   100K .......... .[0m[91m......... .......[0m[91m... .......... ...[0m[91m.......  0% 1.03M 28s
   150K .........[0m[91m. .......... .....[0m[91m..... .......... .[0m[91m.........  1% 1.49M 23s
   200K .......[0m[91m... .......... ...[0m[91m....... .........[0m[91m. ..........  1% 1.40M 21s
   250K .....[0m[91m..... .......... .[0m[91m......... .......[0m[91m... ..........  1% 1.57M 19s
   300K ...[0m[91m....... .........[0m[91m. .......... .....[0m[91m..... ..........  2% 1.51M 17s
   350K .[0m[91m......... .......[0m[91m... .......... ...[0m[91m....... .........[0m[91m.  2% 1.33M 17s
   400K .......... .....[0m[91m..... .......... .[0m[91m......... .......[0m[91m...  2% 4.01M 15s
   450K .......... ...[0m[91m....... .........[0m[91m. .......... .....[0m[91m.....  3% 4.03M 14s
   500K .......... .[0m[91m......... .......[0m[91m... .......... ...[0m[91m.......  3% 4.09M 13s
   550K .........[0m[91m. .......... .....[0m[91m..... .......... .[0m[91m.........  3% 1.96M 12s
   600K .......[0m[91m... .......... ...[0m[91m....... .........[0m[91m. ..........  4% 1.60M 12s
   650K .....[0m[91m..... .......... .[0m[91m......... .......[0m[91m... ..........  4% 4.81M 11s
   700K ...[0m[91m....... .........[0m[91m. .......... .....[0m[91m..... ..........  4% 4.76M 11s
   750K .[0m[91m......... .......[0m[91m... .......... ...[0m[91m....... .........[0m[91m.  5% 3.14M 10s
   800K .......... .....[0m[91m..... .......... .[0m[91m......... .......[0m[91m...  5% 2.28M 10s
   850K .......... ...[0m[91m....... .........[0m[91m. .......... .....[0m[91m.....  5% 1.41M 10s
   900K .......... .[0m[91m......... .......[0m[91m... .......... ...[0m[91m.......  6% 9.58M 10s
   950K .[0m[91m........[0m[91m. .......... .....[0m[91m..... .......... .[0m[91m.........  6% 7.94M 9s
  1000K .......[0m[91m... .......... ...[0m[91m....... .........[0m[91m. ..........  6% 7.86M 9s
  1050K .....[0m[91m..... .......... .[0m[91m......... .......[0m[91m... ..........  7% 7.89M 8s
  1100K ...[0m[91m....... .........[0m[91m. .......... .....[0m[91m..... ..........  7% 8.08M 8s
  1150K .[0m[91m......... .......[0m[91m... .......... ...[0m[91m....... .........[0m[91m.  7% 6.23M 8s
  1200K .......... .....[0m[91m..... .......... .[0m[91m......... .......[0m[91m...  8% 8.07M 7s
  1250K .......... ...[0m[91m....... .........[0m[91m. .......... .....[0m[91m.....  8% 9.41M 7s
  1300K .......... .[0m[91m......... .......[0m[91m... .......... ...[0m[91m.......  8% 2.73M 7s
  1350K .........[0m[91m. .......... .....[0m[91m..... .......... .[0m[91m.........  9% 1.66M 7s
  1400K .......[0m[91m... .......... ...[0m[91m....... .........[0m[91m. ..........  9% 8.41M 7s
  1450K .....[0m[91m..... .......... .[0m[91m......... .......[0m[91m... ..........  9% 10.7M 7s
  1500K ...[0m[91m....... .........[0m[91m. .......... .....[0m[91m..... .......... 10% 9.27M 7s
  1550K .[0m[91m......... .......[0m[91m... .......... ...[0m[91m....... .........[0m[91m. 10% 8.41M 6s
  1600K .......... .....[0m[91m..... .......... .[0m[91m......... .......[0m[91m... 10% 9.52M 6s
  1650K .......... ...[0m[91m....... .........[0m[91m. .......... .....[0m[91m..... 11% 6.99M 6s
  1700K .......... .[0m[91m......... .......[0m[91m... .......... ...[0m[91m....... 11% 9.13M 6s
  1750K .........[0m[91m. .......... .....[0m[91m..... ...[0m[91m....... .[0m[91m......... 11% 7.05M 6s
  1800K .......[0m[91m... .......... ...[0m[91m....... .[0m[91m........[0m[91m. .......... 12% 5.35M 6s
  1850K .....[0m[91m..... .......... .[0m[91m......... .......[0m[91m... .......... 12% 2.53M 6s
  1900K ...[0m[91m....... .........[0m[91m. .......... .....[0m[91m..... .......... 12% 2.39M 6s
  1950K .[0m[91m......... .......[0m[91m... .......... ...[0m[91m....... .........[0m[91m. 13% 10.4M 5s
  2000K .......... .....[0m[91m..... .......... .[0m[91m......... .......[0m[91m... 13% 17.0M 5s
  2050K .......... ...[0m[91m....... .........[0m[91m. .......... .....[0m[91m..... 13% 16.7M 5s
  2100K .......... .[0m[91m......... .......[0m[91m... .......... ...[0m[91m....... 14% 15.4M 5s
  2150K .........[0m[91m. .......... .....[0m[91m..... .......... .[0m[91m......... 14% 12.5M 5s
  2200K .......[0m[91m... .......... ...[0m[91m....... .........[0m[91m. .......... 14% 17.0M 5s
  2250K .....[0m[91m..... .......... .[0m[91m......... .......[0m[91m... .......... 15% 16.0M 5s
  2300K ...[0m[91m....... .........[0m[91m. .......... .....[0m[91m..... .......... 15% 16.4M 5s
  2350K .[0m[91m......... .......[0m[91m... .......... ...[0m[91m....... .........[0m[91m. 15% 12.0M 5s
  2400K .......... .....[0m[91m..... .......... .[0m[91m......... .......[0m[91m... 16% 17.4M 4s
  2450K .......... ...[0m[91m....... .........[0m[91m. .......... .....[0m[91m..... 16% 16.6M 4s
  2500K .......... .[0m[91m......... .......[0m[91m... .......... ...[0m[91m....... 16% 16.2M 4s
  2550K .........[0m[91m. .......... .....[0m[91m..... .......... .[0m[91m......... 17% 15.9M 4s
  2600K .......[0m[91m... .......... ...[0m[91m....... .........[0m[91m. .......... 17% 17.2M 4s
  2650K .....[0m[91m..... .......... .[0m[91m......... .......[0m[91m... .......... 17% 16.5M 4s
  2700K ...[0m[91m....... .........[0m[91m. .......... .....[0m[91m..... .......... 18% 12.4M 4s
  2750K .[0m[91m......... .......[0m[91m... .......... ...[0m[91m....... .........[0m[91m. 18% 3.66M 4s
  2800K .......... .....[0m[91m..... .......... .[0m[91m......... .......... 18% 1.72M 4s
  2850K .......... ...[0m[91m....... .........[0m[91m. .......... .....[0m[91m..... 19% 18.0M 4s
  2900K .......... .[0m[91m......... .......[0m[91m... .......... ...[0m[91m....... 19% 16.9M 4s
  2950K .........[0m[91m. .......... .....[0m[91m..... .......... .[0m[91m......... 19% 16.2M 4s
  3000K .......[0m[91m... .......... ...[0m[91m....... .........[0m[91m. .......... 20% 17.6M 4s
  3050K .....[0m[91m..... .......... .[0m[91m......... .......[0m[91m... .......... 20% 24.6M 4s
  3100K ...[0m[91m....... .........[0m[91m. .......... .....[0m[91m..... .......... 20% 17.2M 4s
  3150K .[0m[91m......... .......[0m[91m... .......... .......... .........[0m[91m. 21% 17.5M 3s
  3200K .......... .....[0m[91m..... .......... .[0m[91m......... .......[0m[91m... 21% 16.8M 3s
  3250K .......... ...[0m[91m....... .........[0m[91m. .......... .....[0m[91m..... 21% 22.3M 3s
  3300K .......... .[0m[91m......... .......... .......... ...[0m[91m....... 22% 20.8M 3s
  3350K .........[0m[91m. .......... .......... ...[0m[91m....... .[0m[91m......... 22% 12.6M 3s
  3400K .......[0m[91m... .......... ...[0m[91m....... .........[0m[91m. .......... 22% 23.2M 3s
  3450K .....[0m[91m..... .......... .......... .......[0m[91m... .......... 23% 15.9M 3s
  3500K ...[0m[91m....... .........[0m[91m. .......... .....[0m[91m..... .......... 23% 10.3M 3s
  3550K .......... .......[0m[91m... .......... .......... .........[0m[91m. 23% 16.0M 3s
  3600K .......... .....[0m[91m..... .......... .........[0m[91m. .......[0m[91m... 24% 15.4M 3s
  3650K .......... .......... .[0m[91m........[0m[91m. .......... .....[0m[91m..... 24% 13.8M 3s
  3700K .......... .[0m[91m......... .......[0m[91m... .......... ...[0m[91m....... 24% 18.3M 3s
  3750K .........[0m[91m. .......... .....[0m[91m..... .......... .......... 25% 24.7M 3s
  3800K .......[0m[91m... .......... ...[0m[91m....... .........[0m[91m. .......... 25% 2.38M 3s
  3850K .....[0m[91m..... .......... .......... .......[0m[91m... .....[0m[91m..... 25% 2.47M 3s
  3900K ...[0m[91m....... .........[0m[91m. .......... .....[0m[91m..... .......... 26% 46.4M 3s
  3950K .[0m[91m......... .......[0m[91m... .......... ...[0m[91m....... .........[0m[91m. 26% 16.5M 3s
  4000K .......... ....[0m[91m...... .......... .[0m[91m......... .......[0m[91m... 26% 50.5M 3s
  4050K .....[0m[91m..... ...[0m[91m....... .......... .......... .....[0m[91m..... 27% 27.8M 3s
  4100K .......... .[0m[91m......... .......[0m[91m... .......... ...[0m[91m....... 27% 24.2M 3s
  4150K .......... .......[0m[91m... .....[0m[91m..... .......... .......... 27% 20.5M 3s
  4200K .......[0m[91m... .......... ...[0m[91m....... .......... .......... 28% 57.3M 3s
  4250K .....[0m[91m..... .......... .......... .......[0m[91m... .......... 28% 30.0M 3s
  4300K ...[0m[91m....... .........[0m[91m. .......... .....[0m[91m..... .......... 28% 36.9M 3s
  4350K .[0m[91m......... .......[0m[91m... .......... ...[0m[91m....... .........[0m[91m. 29% 17.8M 3s
  4400K .......... .....[0m[91m..... .......... .[0m[91m......... .......[0m[91m... 29% 40.6M 2s
  4450K .....[0m[91m..... ...[0m[91m....... .........[0m[91m. .......... .....[0m[91m..... 29% 17.0M 2s
  4500K .......... .[0m[91m......... .......... .......... ...[0m[91m....... 30% 37.4M 2s
  4550K .......... .......... .....[0m[91m..... .......... .[0m[91m......... 30% 58.4M 2s
  4600K .......[0m[91m... .......... ...[0m[91m....... .........[0m[91m. .......... 30% 26.6M 2s
  4650K .......... .......... .[0m[91m......... .......... .......... 31% 55.4M 2s
  4700K[0m[91m ...[0m[91m....... .........[0m[91m. .......... .....[0m[91m..... .......... 31% 15.9M 2s
  4750K .[0m[91m......... .......... .......... ...[0m[91m....... .......... 31% 43.6M 2s
  4800K .......... .....[0m[91m..... .......... .......... .......[0m[91m..[0m[91m. 32% 24.6M 2s
  4850K .......... .......... .......... .......... ..........[0m[91m 32% 80.2M 2s
  4900K .......... .[0m[91m......... .......... .......... ...[0m[91m....... 32% 24.4M 2s
  4950K .........[0m[91m. .......... .....[0m[91m..... .......... .......... 33% 44.0M 2s
  5000K .......[0m[91m... .......... .......... .........[0m[91m. .......... 33% 24.9M 2s
  5050K .....[0m[91m..... .......... .[0m[91m......... .......[0m[91m... .......... 33% 21.7M 2s
  5100K ...[0m[91m....... .........[0m[91m. .......... .....[0m[91m..... .......... 34% 41.2M 2s
  5150K .........[0m[91m. .......[0m[91m... .....[0m[91m..... ...[0m[91m....... .......... 34% 28.5M 2s
  5200K .......... .....[0m[91m..... .......... .[0m[91m......... .......[0m[91m... 34% 42.4M 2s
  5250K .......... ...[0m[91m....... .........[0m[91m. .......... .......... 35% 25.9M 2s
  5300K .......... .[0m[91m......... .......... .......... ...[0m[91m....... 35% 26.0M 2s
  5350K .........[0m[91m. .......... .....[0m[91m..... .......... .......... 35% 35.2M 2s
  5400K .......[0m[91m... .......... .......... .........[0m[91m. .......... 36% 25.5M 2s[0m[91m
  5450K .......... ...[0m[91m....... .[0m[91m......... .......[0m[91m... .......... 36% 33.0M 2s
  5500K ...[0m[91m....... .......... .......... .....[0m[91m..... .......... 36% 27.8M 2s
  5550K .......... .......[0m[91m... .......... ...[0m[91m....... .........[0m[91m. 37% 31.1M 2s
  5600K .......... .....[0m[91m..... .......... .[0m[91m......... .......[0m[91m.[0m[91m.[0m[91m.[0m[91m 37%[0m[91m 5.03M[0m[91m 2s[0m[91m
  5650K[0m[91m [0m[91m.[0m[91m....[0m[91m.[0m[91m.[0m[91m... ..[0m[91m.[0m[91m.....[0m[91m.. ..[0m[91m.[0m[91m..[0m[91m.[0m[91m.[0m[91m.[0m[91m.[0m[91m.[0m[91m [0m[91m.[0m[91m.[0m[91m.[0m[91m.[0m[91m.[0m[91m.[0m[91m.[0m[91m.[0m[91m.[0m[91m.[0m[91m [0m[91m.[0m[91m.[0m[91m.[0m[91m.[0m[91m.[0m[91m.[0m[91m.[0m[91m.[0m[91m.[0m[91m.[0m[91m 37%[0m[91m 1.54M[0m[91m 2s[0m[91m
  5700K[0m[91m [0m[91m.[0m[91m.[0m[91m.[0m[91m....[0m[91m...[0m[91m .[0m[91m........[0m[91m. .......[0m[91m.[0m[91m..[0m[91m ..[0m[91m..[0m[91m.[0m[91m....[0m[91m. [0m[91m..[0m[91m.[0m[91m....... 38% 13.5M 2s
  5750K .........[0m[91m.[0m[91m [0m[91m.[0m[91m.[0m[91m.[0m[91m.[0m[91m.[0m[91m.[0m[91m.[0m[91m...[0m[91m ..[0m[91m...[0m[91m..... ...[0m[91m.[0m[91m.[0m[91m.[0m[91m.[0m[91m.[0m[91m.[0m[91m.[0m[91m .[0m[91m......... 38% 11.1M 2s
  5800K .......[0m[91m.[0m[91m.. .......... .......... .........[0m[91m.[0m[91m [0m[91m.......... 38% 63.6M 2s
  5850K .......... .......... .......... .......... .......... 39%  178M 2s
  5900K .......... .......... .......... ...[0m[91m..[0m[91m.....[0m[91m .......[0m[91m.[0m[91m.[0m[91m.[0m[91m 39%[0m[91m 53.4M 2s
  5950K .......... .......... ....[0m[91m...... .......... .......... 39% 39.1M 2s
  6000K .......... .......... .......... .......... .......... 40%  116M 2s
  6050K .......... .......... .......... .......... .......... 40%  170M 2s
  6100K .......... .......... .......... .......... .......... 40%  175M 2s
  6150K .......... .......... .......... .......... .......... 41%  173M 2s
  6200K .......... .......... .......... .......... .......... 41%  129M 2s
  6250K .......... .......... .......... .......... .......... 41%  209M 2s
  6300K ...[0m[91m.[0m[91m.[0m[91m....[0m[91m.[0m[91m [0m[91m....[0m[91m...[0m[91m.[0m[91m.[0m[91m.[0m[91m [0m[91m.[0m[91m.......[0m[91m.. [0m[91m...[0m[91m.[0m[91m.[0m[91m..[0m[91m.[0m[91m..[0m[91m ...[0m[91m.[0m[91m...... 42% 8.55M 2s
  6350K ...[0m[91m..[0m[91m...[0m[91m.[0m[91m. [0m[91m.......... .......... .......... .......... 42% 37.6M 2s
  6400K .......... .......... .......... .......... .......... 42%  205M 2s
  6450K .......... .......... .........[0m[91m.[0m[91m [0m[91m..[0m[91m...[0m[91m..[0m[91m... [0m[91m..[0m[91m.[0m[91m..[0m[91m..... 43% 17.9M 1s
  6500K .......... .[0m[91m.[0m[91m.[0m[91m.[0m[91m.....[0m[91m.[0m[91m .......... .......... .......... 43% 20.6M 1s
  6550K .......... .......... .....[0m[91m...[0m[91m.[0m[91m.[0m[91m .........[0m[91m. .[0m[91m......... 43% 25.8M 1s
  6600K .......... .......... .......... .........[0m[91m.[0m[91m [0m[91m.[0m[91m......... 44% 26.6M 1s
  6650K .......... .......... .......... .......[0m[91m..[0m[91m. .....[0m[91m..... 44% 49.2M 1s
  6700K ...[0m[91m.[0m[91m...... .[0m[91m........[0m[91m. ...[0m[91m....[0m[91m.[0m[91m.[0m[91m. .......... .......... 44% 11.6M 1s
  6750K .......... .......... .......... .......... .......... 45%  146M 1s
  6800K .......... .....[0m[91m....[0m[91m. [0m[91m.......... .[0m[91m.[0m[91m.......[0m[91m. .......[0m[91m.[0m[91m.. 45% 26.1M 1s
  6850K .....[0m[91m..... ...[0m[91m.[0m[91m....[0m[91m.. .......... .......... .....[0m[91m..... 45% 22.9M 1s
  6900K .......... .[0m[91m.[0m[91m........ .......[0m[91m... .......... ..[0m[91m.[0m[91m.[0m[91m...... 46% 15.2M 1s
  6950K .......... .......[0m[91m... .....[0m[91m.[0m[91m.[0m[91m.[0m[91m.[0m[91m. .......... .........[0m[91m. 46% 26.6M 1s
  7000K .......... .......... .......... .......... .......... 46% 52.9M 1s
  7050K .......... .......... .......... .......... .......... 47%  200M 1s
  7100K .......... .......[0m[91m... .......... .......... .......... 47%  102M 1s
  7150K .[0m[91m...[0m[91m.[0m[91m....[0m[91m.[0m[91m .......[0m[91m.[0m[91m.. .....[0m[91m..... .......... .........[0m[91m.[0m[91m 47%[0m[91m 17.5M 1s[0m[91m
  7200K [0m[91m..[0m[91m........ .....[0m[91m..... .......... .......... .......... 48% 24.2M 1s
  7250K .......... ...[0m[91m....... .......... .......... .......... 48% 68.3M 1s
  7300K .......... .......... .......[0m[91m.[0m[91m.[0m[91m.[0m[91m .......... ...[0m[91m...[0m[91m.[0m[91m... 48% 15.7M 1s
  7350K .........[0m[91m. .......... .......... .......... .[0m[91m.[0m[91m.[0m[91m.[0m[91m...... 49% 16.9M 1s
  7400K .......[0m[91m.[0m[91m.[0m[91m. .....[0m[91m..... ...[0m[91m.[0m[91m..[0m[91m.... ..[0m[91m.[0m[91m......[0m[91m. [0m[91m...[0m[91m....[0m[91m..[0m[91m.[0m[91m 49% 31.3M 1s
  7450K .....[0m[91m..... .......... .[0m[91m......... .......[0m[91m...[0m[91m [0m[91m...[0m[91m.[0m[91m.[0m[91m.[0m[91m.... 49% 14.8M 1s
  7500K ...[0m[91m....... .......... .......[0m[91m... .......... .......... 50% 67.5M 1s
  7550K .[0m[91m......... .......... .......... .......... .......... 50% 56.3M 1s
  7600K .......... .....[0m[91m.[0m[91m.[0m[91m.[0m[91m..[0m[91m ...[0m[91m....... .[0m[91m..[0m[91m.....[0m[91m.. .......... 50% 35.9M 1s
  7650K ....[0m[91m.[0m[91m..... ...[0m[91m...[0m[91m.[0m[91m... ..[0m[91m.[0m[91m.[0m[91m..[0m[91m...[0m[91m. .......... .....[0m[91m.[0m[91m.... 51% 1.87M 1s
  7700K .......... .......... .......[0m[91m.[0m[91m.. .......... .......... 51% 31.8M 1s
  7750K .......... .......... .....[0m[91m...[0m[91m.[0m[91m. .[0m[91m..[0m[91m....... .[0m[91m...[0m[91m..[0m[91m...[0m[91m. 51% 14.0M[0m[91m 1s
  7800K ....[0m[91m.[0m[91m.[0m[91m.... [0m[91m..[0m[91m...[0m[91m...[0m[91m.[0m[91m.[0m[91m .......... .......... .......... 52% 56.5M 1s
  7850K .....[0m[91m..... .......... .......... .......[0m[91m.[0m[91m.[0m[91m. [0m[91m...[0m[91m..[0m[91m.[0m[91m..[0m[91m.[0m[91m. 52% 35.5M[0m[91m 1s[0m[91m
  7900K[0m[91m [0m[91m...[0m[91m...[0m[91m..[0m[91m.[0m[91m. [0m[91m.........[0m[91m.[0m[91m [0m[91m..[0m[91m...[0m[91m.[0m[91m.... .......... .......... 52% 23.2M 1s
  7950K .......... .......[0m[91m...[0m[91m ....[0m[91m..[0m[91m.[0m[91m.[0m[91m.[0m[91m.[0m[91m ...[0m[91m.....[0m[91m..[0m[91m .[0m[91m...[0m[91m...[0m[91m..[0m[91m. 53% 34.1M[0m[91m 1s
  8000K [0m[91m.[0m[91m.[0m[91m.[0m[91m....[0m[91m.[0m[91m.. [0m[91m...[0m[91m..[0m[91m.[0m[91m.[0m[91m.[0m[91m.. .......... .......... .......... 53% 35.5M 1s
  8050K .......... ...[0m[91m...[0m[91m.[0m[91m... .[0m[91m...[0m[91m..[0m[91m...[0m[91m. .......... .......... 53% 37.9M 1s
  8100K .......... .......... .......... .......... .......... 54%  110M 1s
  8150K .........[0m[91m. .......[0m[91m... [0m[91m.....[0m[91m...[0m[91m.. .[0m[91m..[0m[91m..[0m[91m..... [0m[91m.[0m[91m....[0m[91m....[0m[91m. 54% 19.0M[0m[91m 1s
  8200K [0m[91m....[0m[91m.[0m[91m.[0m[91m.[0m[91m.[0m[91m..[0m[91m [0m[91m...[0m[91m..[0m[91m..[0m[91m..[0m[91m. [0m[91m...[0m[91m...[0m[91m..[0m[91m.[0m[91m.[0m[91m ..[0m[91m.......[0m[91m. .......... 54% 18.3M 1s
  8250K .....[0m[91m..... ...[0m[91m....[0m[91m..[0m[91m. .[0m[91m....[0m[91m...[0m[91m..[0m[91m [0m[91m...[0m[91m.[0m[91m...[0m[91m... .....[0m[91m.....[0m[91m 55% 21.5M 1s[0m[91m
  8300K[0m[91m ...[0m[91m....... .......... .......... .......... .......... 55% 77.8M 1s
  8350K .[0m[91m.[0m[91m.[0m[91m..[0m[91m..[0m[91m..[0m[91m. ..[0m[91m.[0m[91m.[0m[91m..[0m[91m.[0m[91m... ...[0m[91m..[0m[91m...[0m[91m..[0m[91m [0m[91m...[0m[91m..[0m[91m.[0m[91m.[0m[91m.[0m[91m.[0m[91m. .[0m[91m...[0m[91m.[0m[91m.[0m[91m.[0m[91m..[0m[91m.[0m[91m 55% 18.1M 1s[0m[91m
  8400K[0m[91m .[0m[91m....[0m[91m..[0m[91m...[0m[91m ..[0m[91m.[0m[91m....... .......... .......... .......[0m[91m... 56%[0m[91m 29.2M[0m[91m 1s
  8450K[0m[91m [0m[91m.......... .......... .......... .......... .....[0m[91m..[0m[91m...[0m[91m 56% 54.0M 1s[0m[91m
  8500K ...[0m[91m...[0m[91m...[0m[91m. .[0m[91m...[0m[91m.[0m[91m..[0m[91m.[0m[91m..[0m[91m [0m[91m...[0m[91m.[0m[91m...... .......... .......... 56% 28.8M 1s
  8550K .......... .......... .......... .......... .......... 57%  194M 1s
  8600K .......... .......... ...[0m[91m...[0m[91m.[0m[91m..[0m[91m. [0m[91m.....[0m[91m....[0m[91m. .[0m[91m.....[0m[91m.[0m[91m...[0m[91m 57% 14.6M 1s
  8650K[0m[91m ....[0m[91m.[0m[91m..[0m[91m..[0m[91m.[0m[91m [0m[91m..[0m[91m.[0m[91m....... .[0m[91m.....[0m[91m...[0m[91m. ..[0m[91m..[0m[91m.[0m[91m..[0m[91m...[0m[91m [0m[91m...[0m[91m..[0m[91m..[0m[91m.[0m[91m.[0m[91m.[0m[91m 57% 16.5M[0m[91m 1s
  8700K [0m[91m.[0m[91m.[0m[91m.[0m[91m....[0m[91m...[0m[91m .[0m[91m...[0m[91m..[0m[91m...[0m[91m. .[0m[91m.[0m[91m.[0m[91m...[0m[91m.[0m[91m...[0m[91m [0m[91m.[0m[91m.[0m[91m...[0m[91m....[0m[91m. [0m[91m..[0m[91m.[0m[91m...[0m[91m.... 58% 24.1M 1s
  8750K .......... .......... .......... .......... .......... 58%  101M 1s
  8800K .......... .......... .......... .......... .......[0m[91m...[0m[91m 58%  144M 1s
  8850K .[0m[91m....[0m[91m..... ..[0m[91m.[0m[91m..[0m[91m.[0m[91m.[0m[91m.[0m[91m.. [0m[91m.[0m[91m........[0m[91m. ...[0m[91m..[0m[91m..[0m[91m..[0m[91m. [0m[91m.....[0m[91m..[0m[91m.[0m[91m.[0m[91m. 59% 20.0M[0m[91m 1s
  8900K .[0m[91m.[0m[91m...[0m[91m.[0m[91m.[0m[91m...[0m[91m .[0m[91m.......[0m[91m..[0m[91m ..[0m[91m..[0m[91m..[0m[91m.[0m[91m.[0m[91m.[0m[91m. .[0m[91m..[0m[91m.[0m[91m.[0m[91m....[0m[91m. .[0m[91m..[0m[91m..[0m[91m.[0m[91m.... 59% 21.5M 1s
  8950K .......... .......... .......... .......... .......... 59% 69.7M 1s
  9000K .......[0m[91m... .....[0m[91m...[0m[91m.[0m[91m.[0m[91m ...[0m[91m....... .....[0m[91m...[0m[91m.[0m[91m. .[0m[91m......[0m[91m... 60%[0m[91m 8.92M 1s[0m[91m
  9050K ..[0m[91m.[0m[91m..[0m[91m.[0m[91m....[0m[91m [0m[91m.[0m[91m..[0m[91m.[0m[91m.[0m[91m.[0m[91m..[0m[91m.[0m[91m. [0m[91m.[0m[91m......... ..[0m[91m........ .......... 60% 21.1M 1s
  9100K .......... .......... .......... .......... .......... 60%  212M 1s
  9150K .......... .......... .......... .......... .......... 61%  147M 1s
  9200K .......... .......... .........[0m[91m. .[0m[91m..[0m[91m.[0m[91m...[0m[91m..[0m[91m. .[0m[91m...[0m[91m..[0m[91m.[0m[91m..[0m[91m. 61% 38.6M 1s[0m[91m
  9250K .[0m[91m..[0m[91m..[0m[91m....[0m[91m. [0m[91m.......... .......... .......... .....[0m[91m..... 61%[0m[91m 62.5M 1s[0m[91m
  9300K ...[0m[91m.....[0m[91m..[0m[91m .[0m[91m.[0m[91m...[0m[91m.[0m[91m...[0m[91m. [0m[91m..[0m[91m..[0m[91m..[0m[91m.[0m[91m... .[0m[91m..[0m[91m..[0m[91m....[0m[91m. [0m[91m...[0m[91m...[0m[91m....[0m[91m 62%[0m[91m 16.6M 1s
  9350K[0m[91m [0m[91m.[0m[91m.[0m[91m.....[0m[91m..[0m[91m. .[0m[91m...[0m[91m.[0m[91m.[0m[91m.[0m[91m..[0m[91m. .......... .......... .......... 62% 41.9M 1s
  9400K .......... .......... ...[0m[91m....... .[0m[91m...[0m[91m....[0m[91m.. .......... 62% 7.40M 1s
  9450K .......... .......... .[0m[91m......... .......[0m[91m... .......... 63% 20.1M 1s
  9500K .......... .[0m[91m......... .......... .....[0m[91m..... .......... 63%  185M 1s
  9550K .[0m[91m......... ...[0m[91m....... .......... .......... .........[0m[91m. 63%  135M 1s
  9600K .......... .......... .......... .......... .......[0m[91m... 64% 23.5M 1s
  9650K .......... ...[0m[91m....... .......... .......... .......... 64% 7.88M 1s
  9700K ...[0m[91m....... .[0m[91m......... .......[0m[91m... .......... ...[0m[91m....... 64% 2.44M 1s
  9750K .......... .......... .....[0m[91m..... .......... .[0m[91m......... 65% 13.5M 1s
  9800K .......[0m[91m... .......... ...[0m[91m....... .........[0m[91m. .......... 65% 25.2M 1s
  9850K .....[0m[91m..... .......... .[0m[91m......... .......... .......... 65%  128M 1s
  9900K ...[0m[91m....... .........[0m[91m. .......[0m[91m... .......... .......... 66% 25.7M 1s
  9950K .[0m[91m......... .......... .......... ...[0m[91m....... .[0m[91m......... 66% 47.0M 1s
 10000K .......... .....[0m[91m..... ...[0m[91m....... .........[0m[91m. .......... 66% 75.1M 1s
 10050K .......... .......... .[0m[91m........[0m[91m. .......... .....[0m[91m.....[0m[91m 67% 23.4M 1s
 10100K .......... .[0m[91m......... .......[0m[91m... .......... .......... 67% 62.9M 1s
 10150K .........[0m[91m. .......... .....[0m[91m..... .......... .[0m[91m......... 67% 18.1M 1s
 10200K .......... .....[0m[91m..... .......... .......... .......... 68%  211M 1s
 10250K .....[0m[91m..... .......... .......... .......[0m[91m... .......... 68% 43.4M 1s
 10300K ...[0m[91m....... .........[0m[91m. .......... .......... ...[0m[91m....... 68% 8.90M 1s
 10350K .[0m[91m......... .......[0m[91m... .......... .......... .........[0m[91m. 69%  122M 1s
 10400K ......[0m[91m.... .....[0m[91m..... .......... ..[0m[91m........ .......[0m[91m... 69% 31.8M 1s
 10450K .......... ...[0m[91m....... .........[0m[91m. .......... .....[0m[91m...[0m[91m.. 69% 44.9M 1s
 10500K .......... .[0m[91m...[0m[91m...... .......[0m[91m...[0m[91m .......... ...[0m[91m....... 70% 26.9M 1s
 10550K .........[0m[91m. .......... .....[0m[91m..... .......... .[0m[91m......... 70% 74.3M[0m[91m 1s
 10600K .......[0m[91m... .....[0m[91m..... ...[0m[91m....... .........[0m[91m. .......... 70% 23.0M 1s
 10650K .....[0m[91m..... .......... .[0m[91m......... .......[0m[91m... .....[0m[91m..... 71% 15.9M 1s
 10700K ...[0m[91m....... .......... .......... .....[0m[91m..... ...[0m[91m....... 71% 48.6M 1s
 10750K .[0m[91m......... .......[0m[91m... ......[0m[91m.... ...[0m[91m....... ......[0m[91m...[0m[91m. 71%  147M 1s
 10800K .......... .....[0m[91m..... .......... .[0m[91m.[0m[91m........ .......[0m[91m... 72% 12.8M 1s
 10850K ....[0m[91m...... ...[0m[91m....... .........[0m[91m. .......... .........[0m[91m. 72% 91.5M 1s
 10900K .......... .[0m[91m......... .......[0m[91m... .......... ........[0m[91m.. 72%  121M 1s
 10950K .........[0m[91m. .......... .....[0m[91m..... ...[0m[91m....... .[0m[91m......... 73% 9.64M 0s
 11000K .......[0m[91m... .....[0m[91m..... ...[0m[91m....... .......... .......[0m[91m... 73% 13.5M 0s
 11050K .....[0m[91m..... ...[0m[91m....... .[0m[91m......... .......[0m[91m... .......... 73% 62.2M 0s
 11100K ..[0m[91m.[0m[91m....... .[0m[91m........[0m[91m. .........[0m[91m. .....[0m[91m..... .......... 74% 29.7M 0s
 11150K .[0m[91m......... .......[0m[91m... .......... ...[0m[91m....... .......... 74% 67.0M 0s[0m[91m
 11200K .......... .....[0m[91m..... ..[0m[91m........ .[0m[91m......... .......[0m[91m... 74% 18.2M 0s
 11250K .......... ...[0m[91m....... .........[0m[91m. .......... .....[0m[91m..... 75% 19.2M 0s
 11300K .......... .......... .......[0m[91m... .......... .......... 75% 67.9M 0s
 11350K .......... .......... .....[0m[91m..... .......... .[0m[91m......... 75% 48.8M 0s
 11400K .......... .......... ...[0m[91m....... .....[0m[91m..... .......[0m[91m... 76% 9.50M 0s
 11450K .....[0m[91m..... .......... .[0m[91m......... .......... .......[0m[91m... 76% 48.8M 0s
 11500K .......... .........[0m[91m. .......... .......... .......... 76% 45.5M 0s
 11550K .[0m[91m......... .......... .....[0m[91m..... ...[0m[91m....... .[0m[91m........[0m[91m. 77% 5.10M 0s
 11600K .......... .....[0m[91m..... .......... .........[0m[91m. .......[0m[91m... 77% 29.1M 0s
 11650K .........[0m[91m. .......... .[0m[91m......... .......[0m[91m... .....[0m[91m..... 77% 2.79M 0s
 11700K .......... .[0m[91m.....[0m[91m.... .......[0m[91m... .......... .......... 78%[0m[91m  101M 0s
 11750K .........[0m[91m. .......[0m[91m... .....[0m[91m..... .......... .[0m[91m......... 78% 10.8M 0s
 11800K .......[0m[91m... .......... ...[0m[91m....... .........[0m[91m. .......... 78% 30.7M 0s
 11850K .....[0m[91m..... .......... .[0m[91m......... .[0m[91m......[0m[91m... .......... 79% 42.2M 0s
 11900K ...[0m[91m....... .[0m[91m........[0m[91m. .......... .....[0m[91m..... .......... 79% 47.2M 0s[0m[91m
 11950K ..........[0m[91m .......[0m[91m... .......... .......... .......... 79% 34.5M 0s
 12000K .......[0m[91m... .....[0m[91m..... .......... .......... .......[0m[91m... 80% 60.1M 0s
 12050K .......... ...[0m[91m....... .........[0m[91m. .......[0m[91m... .....[0m[91m..... 80% 24.5M 0s
 12100K ...[0m[91m....... .........[0m[91m. .......[0m[91m... .......... ...[0m[91m....... 80% 15.1M 0s
 12150K .[0m[91m......... .......... .....[0m[91m..... .......... .......... 81% 45.2M 0s
 12200K .......... .....[0m[91m..... .......... .[0m[91m......... .......... 81% 72.5M 0s
 12250K .......... ...[0m[91m....... .......... .......[0m[91m... .......... 81% 10.6M 0s
 12300K .......... .........[0m[91m. .......... .......... ...[0m[91m....... 82% 79.4M 0s
 12350K .......... .......[0m[91m... .......... ...[0m[91m....... .........[0m[91m. 82%  150M 0s
 12400K .......... .......... .......... .[0m[91m......... .......[0m[91m... 82% 32.9M 0s
 12450K .......... ...[0m[91m....... .[0m[91m........[0m[91m. .......... .....[0m[91m..... 82%[0m[91m 46.7M 0s
 12500K ...[0m[91m....... .[0m[91m........[0m[91m. .......[0m[91m... .......... .......... 83% 20.1M 0s
 12550K .........[0m[91m. .......... .....[0m[91m..... .......... .[0m[91m......... 83% 65.8M 0s
 12600K .......[0m[91m... .......... ...[0m[91m....... .........[0m[91m. .......... 83% 47.8M 0s
 12650K .......... .......... .[0m[91m......... .......... .......... 84% 12.1M 0s
 12700K ...[0m[91m....... .......... .......... .....[0m[91m..... .......... 84% 86.1M 0s
 12750K .[0m[91m......... .......... .......... .......... .......... 84% 42.5M 0s
 12800K .......[0m[91m... .....[0m[91m..... .......... .......... .......[0m[91m... 85% 15.8M 0s
 12850K .......... ...[0m[91m....... .......... .......... .....[0m[91m..... 85%  104M 0s
 12900K ...[0m[91m....... .[0m[91m......... .......... .......... ...[0m[91m....... 85% 11.0M 0s
 12950K .......... .......... .......... ...[0m[91m....... .......... 86%  157M 0s
 13000K .......[0m[91m... .......... .......... .........[0m[91m. .......... 86% 11.4M 0s
 13050K .......... .......... .[0m[91m......... .......[0m[91m... .......... 86% 22.8M 0s
 13100K ...[0m[91m....... .......... .......... .......... .......... 87%  110M 0s
 13150K .[0m[91m......... .......... .......... ...[0m[91m....... .......... 87% 19.3M 0s
 13200K .......[0m[91m... .....[0m[91m..... .......... .......... .......... 87% 44.3M 0s
 13250K .......... ...[0m[91m....... .........[0m[91m. .......... .....[0m[91m..... 88% 31.7M 0s
 13300K .......... .[0m[91m......... .......[0m[91m... .......... .......... 88% 28.2M 0s
 13350K .......... .......... .....[0m[91m..... .......... .......... 88% 8.52M 0s
 13400K .......[0m[91m... .......... .......... .......... .......... 89% 39.4M 0s
 13450K .....[0m[91m..... .......... .[0m[91m......... .......[0m[91m... .......... 89% 46.0M 0s
 13500K .......... .[0m[91m......... .......... .......... ...[0m[91m....... 89% 34.8M 0s
 13550K .......... .......... .......... .......... .[0m[91m........[0m[91m. 90% 6.17M 0s
 13600K .......... .......... .......... .......... .......[0m[91m... 90% 95.4M 0s
 13650K .......... ...[0m[91m....... .........[0m[91m. .......... .....[0m[91m..... 90% 2.51M 0s
 13700K .......... .......... .......[0m[91m... .......... ...[0m[91m....... 91% 37.0M 0s
 13750K .........[0m[91m. .......... .......... .......... .[0m[91m......... 91% 19.7M 0s
 13800K .......... .......... ...[0m[91m....... .......... .......... 91% 20.3M 0s
 13850K .....[0m[91m..... ...[0m[91m....... .[0m[91m......... .......... .......... 92% 62.6M 0s
 13900K ...[0m[91m....... .......... .......... .....[0m[91m..... .......... 92% 33.4M 0s
 13950K .......... .......[0m[91m... .......... ...[0m[91m....... .......... 92% 56.2M 0s
 14000K .......... .....[0m[91m..... .......... .......... .......... 93% 15.8M 0s
 14050K .......... ...[0m[91m....... .......... .......... .....[0m[91m..... 93% 29.7M 0s
 14100K .......... .......... .......... .......... ...[0m[91m....... 93%  115M 0s
 14150K .........[0m[91m. .......... .......... .......... .[0m[91m......... 94% 54.3M 0s
 14200K .......[0m[91m... .......... ...[0m[91m....... .......... .......... 94% 27.2M 0s
 14250K .....[0m[91m..... .......... .........[0m[91m. .......... .......... 94% 10.0M 0s[0m[91m
 14300K .......... .......... .......... .....[0m[91m..... .......... 95% 54.3M 0s
 14350K .[0m[91m......... .......[0m[91m... .......... .......... .......... 95% 18.6M 0s
 14400K .......... .....[0m[91m..... .......... .......... .......[0m[91m... 95%  196M 0s
 14450K .......... .......... .[0m[91m........[0m[91m. .......... .......... 96% 59.4M 0s
 14500K .......... .......... .......[0m[91m... .......... ...[0m[91m....... 96% 25.0M 0s
 14550K .......... .......... .....[0m[91m..... .......... .[0m[91m......... 96% 50.3M 0s
 14600K .......... .......... .......... .........[0m[91m. .......... 97%  123M 0s
 14650K .....[0m[91m..... .......... .[0m[91m......... .......... .......... 97% 13.1M 0s
 14700K ...[0m[91m....... ..........[0m[91m .......... .....[0m[91m..... .......... 97% 26.6M 0s
 14750K .......... .......... .......... ...[0m[91m....... .........[0m[91m. 98% 73.7M 0s
 14800K .......... .[0m[91m......... ...[0m[91m....... .[0m[91m......... .......[0m[91m... 98%  102M 0s
 14850K .......... ...[0m[91m....... .........[0m[91m. .......... .....[0m[91m..... 98% 17.6M 0s
 14900K .......... .......... .......[0m[91m... .......... .......... 99% 12.9M 0s
 14950K .........[0m[91m. .......... .......... .......... .[0m[91m......... 99% 10.4M 0s
 15000K .......[0m[91m... .......... .......... .........[0m[91m. .......... 99% 64.2M 0s
 15050K .....[0m[91m.....                                            100% 98.0M=1.5s

[0m[91m2021-01-21 14:44:03 (9.57 MB/s) - 'latest.tar.gz' saved [15422346/15422346]

[0mRemoving intermediate container e3ba79b1af6e
 ---> 9244f8acd513
Step 7/10 : COPY		srcs /root
 ---> 760092e9ee8d
Step 8/10 : WORKDIR		/root/
 ---> Running in 8ecf92e429c2
Removing intermediate container 8ecf92e429c2
 ---> cd7a34addbdc
Step 9/10 : EXPOSE		5050
 ---> Running in 0a042b77842f
Removing intermediate container 0a042b77842f
 ---> a1c4e928fa92
Step 10/10 : ENTRYPOINT	["sh", "wordpress_setup.sh"]
 ---> Running in 31aa25b1adb3
Removing intermediate container 31aa25b1adb3
 ---> fdecb40bb11a
Successfully built fdecb40bb11a
Successfully tagged wordpress:latest
