Sending build context to Docker daemon  7.168kB
Step 1/10 : FROM		alpine:latest
 ---> 7731472c3f2a
Step 2/10 : RUN			apk update
 ---> Using cache
 ---> 8f893639d530
Step 3/10 : RUN			apk add nginx
 ---> Using cache
 ---> 84ac4e7b6dd2
Step 4/10 : RUN			apk add wget
 ---> Using cache
 ---> 4a6420feb6c8
Step 5/10 : RUN			apk add php7 			php7-cli 			php7-cgi 			php7-mbstring 			php7-fpm 			php7-opcache 			php7-gd 			php7-session 			php7-json 			php7-zlib 			php7-mysqli
 ---> Using cache
 ---> fd95395dc4ea
Step 6/10 : RUN			wget https://www.wordpress.org/latest.tar.gz 			&& tar -xf latest.tar.gz 			&& rm -rf latest.tar.gz
 ---> Using cache
 ---> 6ba94c2171d0
Step 7/10 : COPY		srcs /root
 ---> Using cache
 ---> 66f78850a750
Step 8/10 : WORKDIR		/root/
 ---> Using cache
 ---> 8d4666425899
Step 9/10 : EXPOSE		5050
 ---> Using cache
 ---> 45ba993d6650
Step 10/10 : ENTRYPOINT	["sh", "wordpress_setup.sh"]
 ---> Using cache
 ---> 3c0543e4ca90
Successfully built 3c0543e4ca90
Successfully tagged wordpress_img:latest
